{"/home/ubuntu/genanki/project/src/lib/cardGenerator.ts": {"path":"/home/ubuntu/genanki/project/src/lib/cardGenerator.ts","statementMap":{"0":{"start":{"line":4,"column":17},"end":{"line":4,"column":null}},"1":{"start":{"line":5,"column":18},"end":{"line":5,"column":null}},"2":{"start":{"line":8,"column":2},"end":{"line":8,"column":null}},"3":{"start":{"line":12,"column":2},"end":{"line":12,"column":null}},"4":{"start":{"line":20,"column":27},"end":{"line":20,"column":null}},"5":{"start":{"line":23,"column":21},"end":{"line":23,"column":null}},"6":{"start":{"line":23,"column":57},"end":{"line":23,"column":77}},"7":{"start":{"line":25,"column":2},"end":{"line":45,"column":null}},"8":{"start":{"line":27,"column":4},"end":{"line":44,"column":null}},"9":{"start":{"line":28,"column":6},"end":{"line":28,"column":null}},"10":{"start":{"line":31,"column":24},"end":{"line":33,"column":null}},"11":{"start":{"line":33,"column":23},"end":{"line":33,"column":43}},"12":{"start":{"line":34,"column":19},"end":{"line":34,"column":null}},"13":{"start":{"line":35,"column":6},"end":{"line":42,"column":null}},"14":{"start":{"line":36,"column":8},"end":{"line":41,"column":null}},"15":{"start":{"line":37,"column":10},"end":{"line":37,"column":null}},"16":{"start":{"line":37,"column":29},"end":{"line":37,"column":null}},"17":{"start":{"line":38,"column":10},"end":{"line":38,"column":null}},"18":{"start":{"line":40,"column":10},"end":{"line":40,"column":null}},"19":{"start":{"line":43,"column":6},"end":{"line":43,"column":null}},"20":{"start":{"line":43,"column":25},"end":{"line":43,"column":null}},"21":{"start":{"line":47,"column":2},"end":{"line":47,"column":null}},"22":{"start":{"line":47,"column":30},"end":{"line":47,"column":43}},"23":{"start":{"line":54,"column":28},"end":{"line":54,"column":null}},"24":{"start":{"line":56,"column":19},"end":{"line":59,"column":null}},"25":{"start":{"line":61,"column":2},"end":{"line":74,"column":null}},"26":{"start":{"line":63,"column":4},"end":{"line":73,"column":null}},"27":{"start":{"line":64,"column":19},"end":{"line":64,"column":null}},"28":{"start":{"line":65,"column":25},"end":{"line":65,"column":null}},"29":{"start":{"line":66,"column":6},"end":{"line":72,"column":null}},"30":{"start":{"line":69,"column":27},"end":{"line":69,"column":43}},"31":{"start":{"line":71,"column":8},"end":{"line":71,"column":null}},"32":{"start":{"line":76,"column":2},"end":{"line":76,"column":null}},"33":{"start":{"line":83,"column":28},"end":{"line":83,"column":null}},"34":{"start":{"line":86,"column":4},"end":{"line":86,"column":null}},"35":{"start":{"line":89,"column":2},"end":{"line":95,"column":null}},"36":{"start":{"line":90,"column":17},"end":{"line":90,"column":null}},"37":{"start":{"line":91,"column":17},"end":{"line":91,"column":null}},"38":{"start":{"line":92,"column":4},"end":{"line":94,"column":null}},"39":{"start":{"line":93,"column":6},"end":{"line":93,"column":null}},"40":{"start":{"line":99,"column":4},"end":{"line":99,"column":null}},"41":{"start":{"line":101,"column":2},"end":{"line":107,"column":null}},"42":{"start":{"line":102,"column":17},"end":{"line":102,"column":null}},"43":{"start":{"line":103,"column":17},"end":{"line":103,"column":null}},"44":{"start":{"line":104,"column":4},"end":{"line":106,"column":null}},"45":{"start":{"line":105,"column":6},"end":{"line":105,"column":null}},"46":{"start":{"line":109,"column":2},"end":{"line":109,"column":null}},"47":{"start":{"line":116,"column":28},"end":{"line":116,"column":null}},"48":{"start":{"line":119,"column":4},"end":{"line":119,"column":null}},"49":{"start":{"line":122,"column":2},"end":{"line":128,"column":null}},"50":{"start":{"line":123,"column":21},"end":{"line":123,"column":null}},"51":{"start":{"line":124,"column":19},"end":{"line":124,"column":null}},"52":{"start":{"line":125,"column":4},"end":{"line":127,"column":null}},"53":{"start":{"line":126,"column":6},"end":{"line":126,"column":null}},"54":{"start":{"line":130,"column":2},"end":{"line":130,"column":null}},"55":{"start":{"line":137,"column":28},"end":{"line":137,"column":null}},"56":{"start":{"line":144,"column":4},"end":{"line":144,"column":null}},"57":{"start":{"line":147,"column":2},"end":{"line":156,"column":null}},"58":{"start":{"line":148,"column":10},"end":{"line":148,"column":null}},"59":{"start":{"line":149,"column":20},"end":{"line":149,"column":null}},"60":{"start":{"line":150,"column":4},"end":{"line":155,"column":null}},"61":{"start":{"line":151,"column":6},"end":{"line":154,"column":null}},"62":{"start":{"line":158,"column":2},"end":{"line":158,"column":null}},"63":{"start":{"line":168,"column":16},"end":{"line":168,"column":null}},"64":{"start":{"line":171,"column":2},"end":{"line":173,"column":null}},"65":{"start":{"line":172,"column":4},"end":{"line":172,"column":null}},"66":{"start":{"line":177,"column":23},"end":{"line":177,"column":null}},"67":{"start":{"line":178,"column":2},"end":{"line":181,"column":null}},"68":{"start":{"line":179,"column":20},"end":{"line":179,"column":null}},"69":{"start":{"line":180,"column":4},"end":{"line":180,"column":null}},"70":{"start":{"line":183,"column":2},"end":{"line":183,"column":null}},"71":{"start":{"line":192,"column":2},"end":{"line":194,"column":null}},"72":{"start":{"line":193,"column":4},"end":{"line":193,"column":null}},"73":{"start":{"line":197,"column":21},"end":{"line":197,"column":null}},"74":{"start":{"line":199,"column":31},"end":{"line":199,"column":null}},"75":{"start":{"line":202,"column":2},"end":{"line":202,"column":null}},"76":{"start":{"line":205,"column":2},"end":{"line":205,"column":null}},"77":{"start":{"line":208,"column":2},"end":{"line":208,"column":null}},"78":{"start":{"line":211,"column":2},"end":{"line":211,"column":null}},"79":{"start":{"line":215,"column":17},"end":{"line":215,"column":null}},"80":{"start":{"line":216,"column":2},"end":{"line":241,"column":null}},"81":{"start":{"line":218,"column":26},"end":{"line":218,"column":null}},"82":{"start":{"line":219,"column":4},"end":{"line":240,"column":null}},"83":{"start":{"line":222,"column":24},"end":{"line":222,"column":null}},"84":{"start":{"line":225,"column":6},"end":{"line":227,"column":null}},"85":{"start":{"line":226,"column":8},"end":{"line":226,"column":null}},"86":{"start":{"line":230,"column":23},"end":{"line":230,"column":null}},"87":{"start":{"line":231,"column":6},"end":{"line":231,"column":null}},"88":{"start":{"line":231,"column":21},"end":{"line":231,"column":null}},"89":{"start":{"line":234,"column":24},"end":{"line":234,"column":null}},"90":{"start":{"line":235,"column":21},"end":{"line":235,"column":null}},"91":{"start":{"line":237,"column":6},"end":{"line":239,"column":null}},"92":{"start":{"line":237,"column":32},"end":{"line":237,"column":52}},"93":{"start":{"line":238,"column":8},"end":{"line":238,"column":null}},"94":{"start":{"line":244,"column":15},"end":{"line":244,"column":null}},"95":{"start":{"line":245,"column":29},"end":{"line":245,"column":null}},"96":{"start":{"line":246,"column":2},"end":{"line":252,"column":null}},"97":{"start":{"line":247,"column":16},"end":{"line":247,"column":null}},"98":{"start":{"line":248,"column":4},"end":{"line":251,"column":null}},"99":{"start":{"line":249,"column":6},"end":{"line":249,"column":null}},"100":{"start":{"line":250,"column":6},"end":{"line":250,"column":null}},"101":{"start":{"line":254,"column":2},"end":{"line":254,"column":null}}},"fnMap":{"0":{"name":"clampBack","decl":{"start":{"line":7,"column":9},"end":{"line":7,"column":19}},"loc":{"start":{"line":7,"column":38},"end":{"line":9,"column":null}}},"1":{"name":"clampFront","decl":{"start":{"line":11,"column":9},"end":{"line":11,"column":20}},"loc":{"start":{"line":11,"column":39},"end":{"line":13,"column":null}}},"2":{"name":"splitIntoChunks","decl":{"start":{"line":18,"column":16},"end":{"line":18,"column":32}},"loc":{"start":{"line":18,"column":56},"end":{"line":48,"column":null}}},"3":{"name":"(anonymous_3)","decl":{"start":{"line":23,"column":50},"end":{"line":23,"column":51}},"loc":{"start":{"line":23,"column":57},"end":{"line":23,"column":77}}},"4":{"name":"(anonymous_4)","decl":{"start":{"line":33,"column":16},"end":{"line":33,"column":17}},"loc":{"start":{"line":33,"column":23},"end":{"line":33,"column":43}}},"5":{"name":"(anonymous_5)","decl":{"start":{"line":47,"column":23},"end":{"line":47,"column":24}},"loc":{"start":{"line":47,"column":30},"end":{"line":47,"column":43}}},"6":{"name":"extractDefinitionCards","decl":{"start":{"line":53,"column":9},"end":{"line":53,"column":32}},"loc":{"start":{"line":53,"column":58},"end":{"line":77,"column":null}}},"7":{"name":"(anonymous_7)","decl":{"start":{"line":69,"column":20},"end":{"line":69,"column":21}},"loc":{"start":{"line":69,"column":27},"end":{"line":69,"column":43}}},"8":{"name":"extractListCards","decl":{"start":{"line":82,"column":16},"end":{"line":82,"column":33}},"loc":{"start":{"line":82,"column":59},"end":{"line":110,"column":null}}},"9":{"name":"extractQACards","decl":{"start":{"line":115,"column":9},"end":{"line":115,"column":24}},"loc":{"start":{"line":115,"column":50},"end":{"line":131,"column":null}}},"10":{"name":"extractHeadingCards","decl":{"start":{"line":136,"column":9},"end":{"line":136,"column":29}},"loc":{"start":{"line":136,"column":55},"end":{"line":159,"column":null}}},"11":{"name":"buildQuestionFromStatement","decl":{"start":{"line":167,"column":9},"end":{"line":167,"column":36}},"loc":{"start":{"line":167,"column":70},"end":{"line":184,"column":null}}},"12":{"name":"generateCardsFromText","decl":{"start":{"line":191,"column":16},"end":{"line":191,"column":38}},"loc":{"start":{"line":191,"column":79},"end":{"line":255,"column":null}}},"13":{"name":"(anonymous_13)","decl":{"start":{"line":237,"column":25},"end":{"line":237,"column":26}},"loc":{"start":{"line":237,"column":32},"end":{"line":237,"column":52}}}},"branchMap":{"0":{"loc":{"start":{"line":8,"column":9},"end":{"line":8,"column":null}},"type":"cond-expr","locations":[{"start":{"line":8,"column":31},"end":{"line":8,"column":67}},{"start":{"line":8,"column":67},"end":{"line":8,"column":null}}]},"1":{"loc":{"start":{"line":12,"column":9},"end":{"line":12,"column":null}},"type":"cond-expr","locations":[{"start":{"line":12,"column":32},"end":{"line":12,"column":69}},{"start":{"line":12,"column":69},"end":{"line":12,"column":null}}]},"2":{"loc":{"start":{"line":27,"column":4},"end":{"line":44,"column":null}},"type":"if","locations":[{"start":{"line":27,"column":4},"end":{"line":44,"column":null}},{"start":{"line":29,"column":11},"end":{"line":44,"column":null}}]},"3":{"loc":{"start":{"line":36,"column":8},"end":{"line":41,"column":null}},"type":"if","locations":[{"start":{"line":36,"column":8},"end":{"line":41,"column":null}},{"start":{"line":39,"column":15},"end":{"line":41,"column":null}}]},"4":{"loc":{"start":{"line":37,"column":10},"end":{"line":37,"column":null}},"type":"if","locations":[{"start":{"line":37,"column":10},"end":{"line":37,"column":null}},{"start":{},"end":{}}]},"5":{"loc":{"start":{"line":40,"column":21},"end":{"line":40,"column":42}},"type":"cond-expr","locations":[{"start":{"line":40,"column":30},"end":{"line":40,"column":36}},{"start":{"line":40,"column":36},"end":{"line":40,"column":42}}]},"6":{"loc":{"start":{"line":43,"column":6},"end":{"line":43,"column":null}},"type":"if","locations":[{"start":{"line":43,"column":6},"end":{"line":43,"column":null}},{"start":{},"end":{}}]},"7":{"loc":{"start":{"line":66,"column":6},"end":{"line":72,"column":null}},"type":"if","locations":[{"start":{"line":66,"column":6},"end":{"line":72,"column":null}},{"start":{},"end":{}}]},"8":{"loc":{"start":{"line":67,"column":8},"end":{"line":69,"column":null}},"type":"binary-expr","locations":[{"start":{"line":67,"column":8},"end":{"line":67,"column":null}},{"start":{"line":68,"column":8},"end":{"line":68,"column":null}},{"start":{"line":69,"column":8},"end":{"line":69,"column":null}}]},"9":{"loc":{"start":{"line":92,"column":4},"end":{"line":94,"column":null}},"type":"if","locations":[{"start":{"line":92,"column":4},"end":{"line":94,"column":null}},{"start":{},"end":{}}]},"10":{"loc":{"start":{"line":92,"column":8},"end":{"line":92,"column":60}},"type":"binary-expr","locations":[{"start":{"line":92,"column":8},"end":{"line":92,"column":16}},{"start":{"line":92,"column":16},"end":{"line":92,"column":24}},{"start":{"line":92,"column":24},"end":{"line":92,"column":43}},{"start":{"line":92,"column":43},"end":{"line":92,"column":60}}]},"11":{"loc":{"start":{"line":104,"column":4},"end":{"line":106,"column":null}},"type":"if","locations":[{"start":{"line":104,"column":4},"end":{"line":106,"column":null}},{"start":{},"end":{}}]},"12":{"loc":{"start":{"line":104,"column":8},"end":{"line":104,"column":60}},"type":"binary-expr","locations":[{"start":{"line":104,"column":8},"end":{"line":104,"column":16}},{"start":{"line":104,"column":16},"end":{"line":104,"column":24}},{"start":{"line":104,"column":24},"end":{"line":104,"column":43}},{"start":{"line":104,"column":43},"end":{"line":104,"column":60}}]},"13":{"loc":{"start":{"line":125,"column":4},"end":{"line":127,"column":null}},"type":"if","locations":[{"start":{"line":125,"column":4},"end":{"line":127,"column":null}},{"start":{},"end":{}}]},"14":{"loc":{"start":{"line":125,"column":8},"end":{"line":125,"column":52}},"type":"binary-expr","locations":[{"start":{"line":125,"column":8},"end":{"line":125,"column":32}},{"start":{"line":125,"column":32},"end":{"line":125,"column":52}}]},"15":{"loc":{"start":{"line":148,"column":21},"end":{"line":148,"column":44}},"type":"binary-expr","locations":[{"start":{"line":148,"column":21},"end":{"line":148,"column":33}},{"start":{"line":148,"column":33},"end":{"line":148,"column":44}}]},"16":{"loc":{"start":{"line":150,"column":4},"end":{"line":155,"column":null}},"type":"if","locations":[{"start":{"line":150,"column":4},"end":{"line":155,"column":null}},{"start":{},"end":{}}]},"17":{"loc":{"start":{"line":150,"column":8},"end":{"line":150,"column":73}},"type":"binary-expr","locations":[{"start":{"line":150,"column":8},"end":{"line":150,"column":19}},{"start":{"line":150,"column":19},"end":{"line":150,"column":30}},{"start":{"line":150,"column":30},"end":{"line":150,"column":52}},{"start":{"line":150,"column":52},"end":{"line":150,"column":73}}]},"18":{"loc":{"start":{"line":171,"column":2},"end":{"line":173,"column":null}},"type":"if","locations":[{"start":{"line":171,"column":2},"end":{"line":173,"column":null}},{"start":{},"end":{}}]},"19":{"loc":{"start":{"line":171,"column":6},"end":{"line":171,"column":50}},"type":"binary-expr","locations":[{"start":{"line":171,"column":6},"end":{"line":171,"column":28}},{"start":{"line":171,"column":28},"end":{"line":171,"column":50}}]},"20":{"loc":{"start":{"line":178,"column":2},"end":{"line":181,"column":null}},"type":"if","locations":[{"start":{"line":178,"column":2},"end":{"line":181,"column":null}},{"start":{},"end":{}}]},"21":{"loc":{"start":{"line":191,"column":52},"end":{"line":191,"column":79}},"type":"default-arg","locations":[{"start":{"line":191,"column":63},"end":{"line":191,"column":79}}]},"22":{"loc":{"start":{"line":192,"column":2},"end":{"line":194,"column":null}},"type":"if","locations":[{"start":{"line":192,"column":2},"end":{"line":194,"column":null}},{"start":{},"end":{}}]},"23":{"loc":{"start":{"line":192,"column":6},"end":{"line":192,"column":40}},"type":"binary-expr","locations":[{"start":{"line":192,"column":6},"end":{"line":192,"column":15}},{"start":{"line":192,"column":15},"end":{"line":192,"column":40}}]},"24":{"loc":{"start":{"line":197,"column":21},"end":{"line":197,"column":null}},"type":"cond-expr","locations":[{"start":{"line":197,"column":44},"end":{"line":197,"column":68}},{"start":{"line":197,"column":68},"end":{"line":197,"column":null}}]},"25":{"loc":{"start":{"line":218,"column":26},"end":{"line":218,"column":null}},"type":"binary-expr","locations":[{"start":{"line":218,"column":26},"end":{"line":218,"column":71}},{"start":{"line":218,"column":71},"end":{"line":218,"column":null}}]},"26":{"loc":{"start":{"line":219,"column":4},"end":{"line":240,"column":null}},"type":"if","locations":[{"start":{"line":219,"column":4},"end":{"line":240,"column":null}},{"start":{},"end":{}}]},"27":{"loc":{"start":{"line":219,"column":8},"end":{"line":219,"column":82}},"type":"binary-expr","locations":[{"start":{"line":219,"column":8},"end":{"line":219,"column":25}},{"start":{"line":219,"column":25},"end":{"line":219,"column":54}},{"start":{"line":219,"column":54},"end":{"line":219,"column":82}}]},"28":{"loc":{"start":{"line":225,"column":6},"end":{"line":227,"column":null}},"type":"if","locations":[{"start":{"line":225,"column":6},"end":{"line":227,"column":null}},{"start":{},"end":{}}]},"29":{"loc":{"start":{"line":231,"column":6},"end":{"line":231,"column":null}},"type":"if","locations":[{"start":{"line":231,"column":6},"end":{"line":231,"column":null}},{"start":{},"end":{}}]},"30":{"loc":{"start":{"line":235,"column":21},"end":{"line":235,"column":null}},"type":"binary-expr","locations":[{"start":{"line":235,"column":21},"end":{"line":235,"column":34}},{"start":{"line":235,"column":34},"end":{"line":235,"column":null}}]},"31":{"loc":{"start":{"line":237,"column":6},"end":{"line":239,"column":null}},"type":"if","locations":[{"start":{"line":237,"column":6},"end":{"line":239,"column":null}},{"start":{},"end":{}}]},"32":{"loc":{"start":{"line":248,"column":4},"end":{"line":251,"column":null}},"type":"if","locations":[{"start":{"line":248,"column":4},"end":{"line":251,"column":null}},{"start":{},"end":{}}]},"33":{"loc":{"start":{"line":248,"column":8},"end":{"line":248,"column":73}},"type":"binary-expr","locations":[{"start":{"line":248,"column":8},"end":{"line":248,"column":26}},{"start":{"line":248,"column":26},"end":{"line":248,"column":51}},{"start":{"line":248,"column":51},"end":{"line":248,"column":73}}]}},"s":{"0":2,"1":2,"2":396,"3":396,"4":105,"5":105,"6":425,"7":105,"8":394,"9":366,"10":28,"11":3045,"12":28,"13":28,"14":2837,"15":422,"16":417,"17":422,"18":2415,"19":28,"20":27,"21":105,"22":810,"23":101,"24":101,"25":101,"26":202,"27":3069,"28":3069,"29":3069,"30":9164,"31":326,"32":101,"33":107,"34":107,"35":107,"36":79,"37":79,"38":79,"39":75,"40":107,"41":107,"42":57,"43":57,"44":57,"45":45,"46":107,"47":101,"48":101,"49":101,"50":65,"51":65,"52":65,"53":64,"54":101,"55":101,"56":101,"57":101,"58":10,"59":10,"60":10,"61":9,"62":101,"63":665,"64":665,"65":419,"66":246,"67":246,"68":238,"69":238,"70":8,"71":118,"72":17,"73":101,"74":101,"75":101,"76":101,"77":101,"78":101,"79":101,"80":101,"81":807,"82":807,"83":730,"84":730,"85":65,"86":665,"87":665,"88":8,"89":657,"90":657,"91":657,"92":20233,"93":267,"94":101,"95":101,"96":101,"97":784,"98":784,"99":773,"100":773,"101":101},"f":{"0":396,"1":396,"2":105,"3":425,"4":3045,"5":810,"6":101,"7":9164,"8":107,"9":101,"10":101,"11":665,"12":118,"13":20233},"b":{"0":[1,395],"1":[1,395],"2":[366,28],"3":[422,2415],"4":[417,5],"5":[2393,22],"6":[27,1],"7":[326,2743],"8":[3069,3069,3061],"9":[75,4],"10":[79,79,76,75],"11":[45,12],"12":[57,57,48,46],"13":[64,1],"14":[65,64],"15":[10,3],"16":[9,1],"17":[10,10,10,9],"18":[419,246],"19":[665,419],"20":[238,8],"21":[111],"22":[17,101],"23":[118,113],"24":[3,98],"25":[807,56],"26":[730,77],"27":[807,751,734],"28":[65,665],"29":[8,657],"30":[657,178],"31":[267,390],"32":[773,11],"33":[784,773,773]}}
,"/home/ubuntu/genanki/project/src/lib/routing.ts": {"path":"/home/ubuntu/genanki/project/src/lib/routing.ts","statementMap":{"0":{"start":{"line":20,"column":50},"end":{"line":25,"column":null}},"1":{"start":{"line":27,"column":21},"end":{"line":27,"column":null}},"2":{"start":{"line":34,"column":18},"end":{"line":34,"column":null}},"3":{"start":{"line":37,"column":25},"end":{"line":37,"column":null}},"4":{"start":{"line":39,"column":2},"end":{"line":43,"column":null}},"5":{"start":{"line":40,"column":17},"end":{"line":40,"column":null}},"6":{"start":{"line":41,"column":4},"end":{"line":41,"column":null}},"7":{"start":{"line":42,"column":4},"end":{"line":42,"column":null}},"8":{"start":{"line":46,"column":4},"end":{"line":48,"column":null}},"9":{"start":{"line":50,"column":16},"end":{"line":52,"column":null}},"10":{"start":{"line":51,"column":58},"end":{"line":51,"column":81}},"11":{"start":{"line":54,"column":57},"end":{"line":54,"column":null}},"12":{"start":{"line":55,"column":22},"end":{"line":55,"column":null}},"13":{"start":{"line":57,"column":2},"end":{"line":80,"column":null}},"14":{"start":{"line":58,"column":17},"end":{"line":58,"column":null}},"15":{"start":{"line":59,"column":4},"end":{"line":59,"column":null}},"16":{"start":{"line":59,"column":27},"end":{"line":59,"column":null}},"17":{"start":{"line":62,"column":16},"end":{"line":62,"column":null}},"18":{"start":{"line":63,"column":4},"end":{"line":65,"column":null}},"19":{"start":{"line":64,"column":6},"end":{"line":64,"column":null}},"20":{"start":{"line":67,"column":19},"end":{"line":71,"column":null}},"21":{"start":{"line":68,"column":19},"end":{"line":68,"column":null}},"22":{"start":{"line":68,"column":45},"end":{"line":68,"column":99}},"23":{"start":{"line":69,"column":19},"end":{"line":69,"column":null}},"24":{"start":{"line":69,"column":45},"end":{"line":69,"column":99}},"25":{"start":{"line":70,"column":6},"end":{"line":70,"column":null}},"26":{"start":{"line":73,"column":4},"end":{"line":78,"column":null}},"27":{"start":{"line":74,"column":6},"end":{"line":77,"column":null}},"28":{"start":{"line":79,"column":4},"end":{"line":79,"column":null}},"29":{"start":{"line":82,"column":2},"end":{"line":82,"column":null}},"30":{"start":{"line":86,"column":20},"end":{"line":86,"column":null}},"31":{"start":{"line":87,"column":21},"end":{"line":87,"column":null}},"32":{"start":{"line":90,"column":2},"end":{"line":94,"column":null}},"33":{"start":{"line":91,"column":20},"end":{"line":91,"column":null}},"34":{"start":{"line":92,"column":4},"end":{"line":92,"column":null}},"35":{"start":{"line":92,"column":20},"end":{"line":92,"column":null}},"36":{"start":{"line":93,"column":4},"end":{"line":93,"column":null}},"37":{"start":{"line":96,"column":22},"end":{"line":96,"column":null}},"38":{"start":{"line":101,"column":22},"end":{"line":101,"column":null}},"39":{"start":{"line":102,"column":32},"end":{"line":102,"column":null}},"40":{"start":{"line":104,"column":13},"end":{"line":104,"column":null}},"41":{"start":{"line":105,"column":13},"end":{"line":105,"column":null}},"42":{"start":{"line":106,"column":13},"end":{"line":106,"column":null}},"43":{"start":{"line":107,"column":13},"end":{"line":107,"column":null}},"44":{"start":{"line":109,"column":23},"end":{"line":109,"column":null}},"45":{"start":{"line":112,"column":5},"end":{"line":116,"column":null}},"46":{"start":{"line":118,"column":2},"end":{"line":118,"column":null}}},"fnMap":{"0":{"name":"prioritizeCandidates","decl":{"start":{"line":29,"column":16},"end":{"line":29,"column":null}},"loc":{"start":{"line":33,"column":76},"end":{"line":83,"column":null}}},"1":{"name":"(anonymous_1)","decl":{"start":{"line":51,"column":51},"end":{"line":51,"column":52}},"loc":{"start":{"line":51,"column":58},"end":{"line":51,"column":81}}},"2":{"name":"(anonymous_2)","decl":{"start":{"line":67,"column":37},"end":{"line":67,"column":38}},"loc":{"start":{"line":67,"column":47},"end":{"line":71,"column":5}}},"3":{"name":"(anonymous_3)","decl":{"start":{"line":68,"column":36},"end":{"line":68,"column":37}},"loc":{"start":{"line":68,"column":45},"end":{"line":68,"column":99}}},"4":{"name":"(anonymous_4)","decl":{"start":{"line":69,"column":36},"end":{"line":69,"column":37}},"loc":{"start":{"line":69,"column":45},"end":{"line":69,"column":99}}},"5":{"name":"scoreCandidate","decl":{"start":{"line":85,"column":9},"end":{"line":85,"column":24}},"loc":{"start":{"line":85,"column":87},"end":{"line":119,"column":null}}}},"branchMap":{"0":{"loc":{"start":{"line":40,"column":17},"end":{"line":40,"column":null}},"type":"binary-expr","locations":[{"start":{"line":40,"column":17},"end":{"line":40,"column":52}},{"start":{"line":40,"column":52},"end":{"line":40,"column":null}}]},"1":{"loc":{"start":{"line":46,"column":4},"end":{"line":48,"column":null}},"type":"binary-expr","locations":[{"start":{"line":46,"column":4},"end":{"line":46,"column":null}},{"start":{"line":47,"column":4},"end":{"line":47,"column":null}},{"start":{"line":47,"column":26},"end":{"line":48,"column":null}}]},"2":{"loc":{"start":{"line":48,"column":5},"end":{"line":48,"column":52}},"type":"binary-expr","locations":[{"start":{"line":48,"column":5},"end":{"line":48,"column":47}},{"start":{"line":48,"column":47},"end":{"line":48,"column":52}}]},"3":{"loc":{"start":{"line":50,"column":16},"end":{"line":52,"column":null}},"type":"cond-expr","locations":[{"start":{"line":51,"column":6},"end":{"line":51,"column":null}},{"start":{"line":52,"column":6},"end":{"line":52,"column":null}}]},"4":{"loc":{"start":{"line":58,"column":17},"end":{"line":58,"column":null}},"type":"binary-expr","locations":[{"start":{"line":58,"column":17},"end":{"line":58,"column":42}},{"start":{"line":58,"column":42},"end":{"line":58,"column":null}}]},"5":{"loc":{"start":{"line":59,"column":4},"end":{"line":59,"column":null}},"type":"if","locations":[{"start":{"line":59,"column":4},"end":{"line":59,"column":null}},{"start":{},"end":{}}]},"6":{"loc":{"start":{"line":63,"column":4},"end":{"line":65,"column":null}},"type":"if","locations":[{"start":{"line":63,"column":4},"end":{"line":65,"column":null}},{"start":{},"end":{}}]},"7":{"loc":{"start":{"line":63,"column":8},"end":{"line":63,"column":58}},"type":"binary-expr","locations":[{"start":{"line":63,"column":8},"end":{"line":63,"column":31}},{"start":{"line":63,"column":31},"end":{"line":63,"column":58}}]},"8":{"loc":{"start":{"line":68,"column":45},"end":{"line":68,"column":99}},"type":"binary-expr","locations":[{"start":{"line":68,"column":45},"end":{"line":68,"column":76}},{"start":{"line":68,"column":76},"end":{"line":68,"column":99}}]},"9":{"loc":{"start":{"line":69,"column":45},"end":{"line":69,"column":99}},"type":"binary-expr","locations":[{"start":{"line":69,"column":45},"end":{"line":69,"column":76}},{"start":{"line":69,"column":76},"end":{"line":69,"column":99}}]},"10":{"loc":{"start":{"line":86,"column":20},"end":{"line":86,"column":null}},"type":"binary-expr","locations":[{"start":{"line":86,"column":20},"end":{"line":86,"column":53}},{"start":{"line":86,"column":53},"end":{"line":86,"column":null}}]},"11":{"loc":{"start":{"line":90,"column":2},"end":{"line":94,"column":null}},"type":"if","locations":[{"start":{"line":90,"column":2},"end":{"line":94,"column":null}},{"start":{},"end":{}}]},"12":{"loc":{"start":{"line":90,"column":6},"end":{"line":90,"column":29}},"type":"binary-expr","locations":[{"start":{"line":90,"column":6},"end":{"line":90,"column":14}},{"start":{"line":90,"column":14},"end":{"line":90,"column":29}}]},"13":{"loc":{"start":{"line":92,"column":4},"end":{"line":92,"column":null}},"type":"if","locations":[{"start":{"line":92,"column":4},"end":{"line":92,"column":null}},{"start":{},"end":{}}]},"14":{"loc":{"start":{"line":102,"column":32},"end":{"line":102,"column":null}},"type":"cond-expr","locations":[{"start":{"line":102,"column":70},"end":{"line":102,"column":77}},{"start":{"line":102,"column":77},"end":{"line":102,"column":null}}]},"15":{"loc":{"start":{"line":102,"column":32},"end":{"line":102,"column":70}},"type":"binary-expr","locations":[{"start":{"line":102,"column":32},"end":{"line":102,"column":53}},{"start":{"line":102,"column":53},"end":{"line":102,"column":70}}]},"16":{"loc":{"start":{"line":115,"column":5},"end":{"line":115,"column":null}},"type":"cond-expr","locations":[{"start":{"line":115,"column":18},"end":{"line":115,"column":23}},{"start":{"line":115,"column":23},"end":{"line":115,"column":null}}]}},"s":{"0":2,"1":2,"2":39,"3":39,"4":39,"5":75,"6":75,"7":75,"8":39,"9":39,"10":15,"11":39,"12":39,"13":39,"14":195,"15":195,"16":137,"17":58,"18":58,"19":37,"20":58,"21":14,"22":10,"23":14,"24":6,"25":14,"26":58,"27":68,"28":58,"29":39,"30":28,"31":28,"32":28,"33":18,"34":18,"35":1,"36":18,"37":10,"38":10,"39":10,"40":10,"41":10,"42":10,"43":10,"44":10,"45":10,"46":10},"f":{"0":39,"1":15,"2":14,"3":10,"4":6,"5":28},"b":{"0":[75,61],"1":[39,7,6],"2":[6,3],"3":[3,36],"4":[195,137],"5":[137,58],"6":[37,21],"7":[58,25],"8":[10,10],"9":[6,6],"10":[28,26],"11":[18,10],"12":[28,10],"13":[1,17],"14":[2,8],"15":[10,2],"16":[1,9]}}
}
